\BOOKMARK [1][-]{section.1}{\376\377\000I\000n\000t\000r\000o\000d\000u\000c\000t\000i\000o\000n}{}% 1
\BOOKMARK [1][-]{section.2}{\376\377\000R\000e\000l\000a\000t\000e\000d\000\040\000W\000o\000r\000k}{}% 2
\BOOKMARK [2][-]{subsection.2.1}{\376\377\000F\000o\000u\000n\000d\000a\000t\000i\000o\000n\000a\000l\000\040\000V\000e\000c\000t\000o\000r\000\040\000G\000r\000a\000p\000h\000i\000c\000s\000\040\000G\000e\000n\000e\000r\000a\000t\000i\000o\000n}{section.2}% 3
\BOOKMARK [2][-]{subsection.2.2}{\376\377\000D\000i\000f\000f\000u\000s\000i\000o\000n\000-\000B\000a\000s\000e\000d\000\040\000T\000e\000x\000t\000-\000t\000o\000-\000S\000V\000G}{section.2}% 4
\BOOKMARK [2][-]{subsection.2.3}{\376\377\000L\000L\000M\000-\000N\000a\000t\000i\000v\000e\000\040\000S\000V\000G\000\040\000C\000o\000d\000e\000\040\000G\000e\000n\000e\000r\000a\000t\000i\000o\000n}{section.2}% 5
\BOOKMARK [2][-]{subsection.2.4}{\376\377\000A\000u\000t\000o\000m\000a\000t\000e\000d\000\040\000S\000V\000G\000\040\000C\000a\000p\000t\000i\000o\000n\000i\000n\000g\000\040\000a\000n\000d\000\040\000D\000a\000t\000a\000s\000e\000t\000s}{section.2}% 6
\BOOKMARK [2][-]{subsection.2.5}{\376\377\000E\000v\000a\000l\000u\000a\000t\000i\000o\000n\000\040\000o\000f\000\040\000S\000V\000G\000\040\000G\000e\000n\000e\000r\000a\000t\000i\000o\000n}{section.2}% 7
\BOOKMARK [1][-]{section.3}{\376\377\000T\000h\000e\000\040\000I\000c\000o\000n\000i\000f\000y\000-\000S\000V\000G\000\040\000C\000o\000r\000p\000u\000s}{}% 8
\BOOKMARK [2][-]{subsection.3.1}{\376\377\000S\000o\000u\000r\000c\000e\000:\000\040\000T\000h\000e\000\040\000I\000c\000o\000n\000i\000f\000y\000\040\000E\000c\000o\000s\000y\000s\000t\000e\000m}{section.3}% 9
\BOOKMARK [2][-]{subsection.3.2}{\376\377\000L\000i\000c\000e\000n\000s\000e\000\040\000F\000i\000l\000t\000e\000r\000i\000n\000g}{section.3}% 10
\BOOKMARK [2][-]{subsection.3.3}{\376\377\000S\000V\000G\000\040\000N\000o\000r\000m\000a\000l\000i\000z\000a\000t\000i\000o\000n}{section.3}% 11
\BOOKMARK [2][-]{subsection.3.4}{\376\377\000A\000u\000t\000o\000m\000a\000t\000e\000d\000\040\000C\000a\000p\000t\000i\000o\000n\000\040\000G\000e\000n\000e\000r\000a\000t\000i\000o\000n}{section.3}% 12
\BOOKMARK [2][-]{subsection.3.5}{\376\377\000D\000a\000t\000a\000s\000e\000t\000\040\000S\000t\000a\000t\000i\000s\000t\000i\000c\000s}{section.3}% 13
\BOOKMARK [1][-]{section.4}{\376\377\000M\000e\000t\000h\000o\000d}{}% 14
\BOOKMARK [2][-]{subsection.4.1}{\376\377\000S\000V\000G\000\040\000a\000s\000\040\000C\000o\000d\000e}{section.4}% 15
\BOOKMARK [2][-]{subsection.4.2}{\376\377\000B\000a\000s\000e\000\040\000M\000o\000d\000e\000l}{section.4}% 16
\BOOKMARK [2][-]{subsection.4.3}{\376\377\000I\000n\000s\000t\000r\000u\000c\000t\000i\000o\000n\000-\000T\000u\000n\000i\000n\000g\000\040\000F\000o\000r\000m\000u\000l\000a\000t\000i\000o\000n}{section.4}% 17
\BOOKMARK [2][-]{subsection.4.4}{\376\377\000D\000a\000t\000a\000\040\000A\000u\000g\000m\000e\000n\000t\000a\000t\000i\000o\000n}{section.4}% 18
\BOOKMARK [2][-]{subsection.4.5}{\376\377\000C\000u\000r\000r\000i\000c\000u\000l\000u\000m\000\040\000L\000e\000a\000r\000n\000i\000n\000g}{section.4}% 19
\BOOKMARK [2][-]{subsection.4.6}{\376\377\000L\000o\000R\000A\000\040\000F\000i\000n\000e\000-\000t\000u\000n\000i\000n\000g}{section.4}% 20
\BOOKMARK [1][-]{section.5}{\376\377\000E\000x\000p\000e\000r\000i\000m\000e\000n\000t\000s}{}% 21
\BOOKMARK [2][-]{subsection.5.1}{\376\377\000E\000v\000a\000l\000u\000a\000t\000i\000o\000n\000\040\000M\000e\000t\000r\000i\000c\000s}{section.5}% 22
\BOOKMARK [2][-]{subsection.5.2}{\376\377\000B\000a\000s\000e\000l\000i\000n\000e\000s}{section.5}% 23
\BOOKMARK [2][-]{subsection.5.3}{\376\377\000Q\000u\000a\000n\000t\000i\000t\000a\000t\000i\000v\000e\000\040\000R\000e\000s\000u\000l\000t\000s}{section.5}% 24
\BOOKMARK [2][-]{subsection.5.4}{\376\377\000A\000b\000l\000a\000t\000i\000o\000n\000\040\000S\000t\000u\000d\000i\000e\000s}{section.5}% 25
\BOOKMARK [1][-]{section.6}{\376\377\000A\000n\000a\000l\000y\000s\000i\000s}{}% 26
\BOOKMARK [2][-]{subsection.6.1}{\376\377\000Q\000u\000a\000l\000i\000t\000a\000t\000i\000v\000e\000\040\000E\000x\000a\000m\000p\000l\000e\000s}{section.6}% 27
\BOOKMARK [2][-]{subsection.6.2}{\376\377\000F\000a\000i\000l\000u\000r\000e\000\040\000M\000o\000d\000e\000s}{section.6}% 28
\BOOKMARK [2][-]{subsection.6.3}{\376\377\000C\000a\000p\000t\000i\000o\000n\000\040\000Q\000u\000a\000l\000i\000t\000y\000\040\000A\000b\000l\000a\000t\000i\000o\000n}{section.6}% 29
\BOOKMARK [2][-]{subsection.6.4}{\376\377\000C\000o\000m\000p\000a\000r\000i\000s\000o\000n\000\040\000w\000i\000t\000h\000\040\000G\000e\000n\000e\000r\000a\000l\000\040\000S\000V\000G\000\040\000M\000o\000d\000e\000l\000s}{section.6}% 30
\BOOKMARK [1][-]{section.7}{\376\377\000C\000o\000n\000c\000l\000u\000s\000i\000o\000n}{}% 31
